\BOOKMARK [0][-]{chapter.1}{Introduction}{}% 1
\BOOKMARK [0][-]{chapter.2}{Understanding Gradable Adjectives}{}% 2
\BOOKMARK [1][-]{section.2.1}{Semantic Representation of Gradable Adjectives}{chapter.2}% 3
\BOOKMARK [1][-]{section.2.2}{Understanding Comparison Classes}{chapter.2}% 4
\BOOKMARK [1][-]{section.2.3}{Semantic and Syntactic Aspects of Gradable Adjective Interpretation}{chapter.2}% 5
\BOOKMARK [1][-]{section.2.4}{Pragmatic Aspects of Gradable Adjective Interpretation}{chapter.2}% 6
\BOOKMARK [0][-]{chapter.3}{A Fucntional Perspective on Comprison Class Inference}{}% 7
\BOOKMARK [1][-]{section.3.1}{Understanding Reference and Predication}{chapter.3}% 8
\BOOKMARK [1][-]{section.3.2}{Experimental Operationalization}{chapter.3}% 9
\BOOKMARK [0][-]{chapter.4}{Experiments}{}% 10
\BOOKMARK [1][-]{section.4.1}{Experiment 1: Sentence Rating Experiment}{chapter.4}% 11
\BOOKMARK [2][-]{subsection.4.1.1}{Participants:}{section.4.1}% 12
\BOOKMARK [2][-]{subsection.4.1.2}{Results:}{section.4.1}% 13
\BOOKMARK [1][-]{section.4.2}{Experiment 2: Noun Production Experiment}{chapter.4}% 14
\BOOKMARK [2][-]{subsection.4.2.1}{Participants:}{section.4.2}% 15
\BOOKMARK [2][-]{subsection.4.2.2}{Results:}{section.4.2}% 16
\BOOKMARK [1][-]{section.4.3}{Experiment 3: Comparison Class Inference Experiment}{chapter.4}% 17
\BOOKMARK [2][-]{subsection.4.3.1}{Participants:}{section.4.3}% 18
\BOOKMARK [2][-]{subsection.4.3.2}{Results:}{section.4.3}% 19
\BOOKMARK [1][-]{section.4.4}{Experiment 4: Direct Modification Experiment}{chapter.4}% 20
\BOOKMARK [2][-]{subsection.4.4.1}{Participants:}{section.4.4}% 21
\BOOKMARK [2][-]{subsection.4.4.2}{Results:}{section.4.4}% 22
\BOOKMARK [0][-]{chapter.5}{A Bayesian Reference-Predication Model}{}% 23
\BOOKMARK [0][-]{chapter.6}{Discussion}{}% 24
\BOOKMARK [0][-]{appendix.A}{Appendix}{}% 25
